<?xml version="1.0" encoding="UTF-8"?>
<testsuite xmlns:xsi="http://www.w3.org/2001/XMLSchema-instance" xsi:noNamespaceSchemaLocation="https://maven.apache.org/surefire/maven-surefire-plugin/xsd/surefire-test-report.xsd" version="3.0.2" name="com.tradingplatform.controller.AuthControllerTest" time="17.529" tests="9" errors="0" skipped="0" failures="0">
  <properties>
[...]
</properties>
  <testcase name="register_duplicateEmail_returnsBadRequest" classname="com.tradingplatform.controller.AuthControllerTest" time="2.163">
    <system-out><![CDATA[23:39:52.922 [main] INFO org.springframework.test.context.support.AnnotationConfigContextLoaderUtils -- Could not detect default configuration classes for test class [com.tradingplatform.controller.AuthControllerTest]: AuthControllerTest does not declare any static, non-private, non-final, nested classes annotated with @Configuration.
23:39:53.160 [main] INFO org.springframework.boot.test.context.SpringBootTestContextBootstrapper -- Found @SpringBootConfiguration com.tradingplatform.TradingPlatformApplication for test class com.tradingplatform.controller.AuthControllerTest

  .   ____          _            __ _ _
 /\\ / ___'_ __ _ _(_)_ __  __ _ \ \ \ \
( ( )\___ | '_ | '_| | '_ \/ _` | \ \ \ \
 \\/  ___)| |_)| | | | | || (_| |  ) ) ) )
  '  |____| .__|_| |_|_| |_\__, | / / / /
 =========|_|==============|___/=/_/_/_/

 :: Spring Boot ::                (v3.4.2)

2026-03-21T23:39:54.055+08:00  INFO 16536 --- [trading-platform-test] [           main] c.t.controller.AuthControllerTest        : Starting AuthControllerTest using Java 21.0.10 with PID 16536 (started by Administrator in D:\Java\Projects\realTimeTrading\backend)
2026-03-21T23:39:54.068+08:00 DEBUG 16536 --- [trading-platform-test] [           main] c.t.controller.AuthControllerTest        : Running with Spring Boot v3.4.2, Spring v6.2.2
2026-03-21T23:39:54.068+08:00  INFO 16536 --- [trading-platform-test] [           main] c.t.controller.AuthControllerTest        : The following 1 profile is active: "test"
2026-03-21T23:39:55.947+08:00  INFO 16536 --- [trading-platform-test] [           main] .s.d.r.c.RepositoryConfigurationDelegate : Multiple Spring Data modules found, entering strict repository configuration mode
2026-03-21T23:39:55.950+08:00  INFO 16536 --- [trading-platform-test] [           main] .s.d.r.c.RepositoryConfigurationDelegate : Bootstrapping Spring Data JPA repositories in DEFAULT mode.
2026-03-21T23:39:56.238+08:00  INFO 16536 --- [trading-platform-test] [           main] .s.d.r.c.RepositoryConfigurationDelegate : Finished Spring Data repository scanning in 272 ms. Found 4 JPA repository interfaces.
2026-03-21T23:39:56.258+08:00  INFO 16536 --- [trading-platform-test] [           main] .s.d.r.c.RepositoryConfigurationDelegate : Multiple Spring Data modules found, entering strict repository configuration mode
2026-03-21T23:39:56.259+08:00  INFO 16536 --- [trading-platform-test] [           main] .s.d.r.c.RepositoryConfigurationDelegate : Bootstrapping Spring Data Redis repositories in DEFAULT mode.
2026-03-21T23:39:56.313+08:00  INFO 16536 --- [trading-platform-test] [           main] .RepositoryConfigurationExtensionSupport : Spring Data Redis - Could not safely identify store assignment for repository candidate interface com.tradingplatform.listing.repository.CategoryRepository; If you want this repository to be a Redis repository, consider annotating your entities with one of these annotations: org.springframework.data.redis.core.RedisHash (preferred), or consider extending one of the following types with your repository: org.springframework.data.keyvalue.repository.KeyValueRepository
2026-03-21T23:39:56.314+08:00  INFO 16536 --- [trading-platform-test] [           main] .RepositoryConfigurationExtensionSupport : Spring Data Redis - Could not safely identify store assignment for repository candidate interface com.tradingplatform.listing.repository.ListingImageRepository; If you want this repository to be a Redis repository, consider annotating your entities with one of these annotations: org.springframework.data.redis.core.RedisHash (preferred), or consider extending one of the following types with your repository: org.springframework.data.keyvalue.repository.KeyValueRepository
2026-03-21T23:39:56.315+08:00  INFO 16536 --- [trading-platform-test] [           main] .RepositoryConfigurationExtensionSupport : Spring Data Redis - Could not safely identify store assignment for repository candidate interface com.tradingplatform.listing.repository.ListingRepository; If you want this repository to be a Redis repository, consider annotating your entities with one of these annotations: org.springframework.data.redis.core.RedisHash (preferred), or consider extending one of the following types with your repository: org.springframework.data.keyvalue.repository.KeyValueRepository
2026-03-21T23:39:56.315+08:00  INFO 16536 --- [trading-platform-test] [           main] .RepositoryConfigurationExtensionSupport : Spring Data Redis - Could not safely identify store assignment for repository candidate interface com.tradingplatform.user.UserRepository; If you want this repository to be a Redis repository, consider annotating your entities with one of these annotations: org.springframework.data.redis.core.RedisHash (preferred), or consider extending one of the following types with your repository: org.springframework.data.keyvalue.repository.KeyValueRepository
2026-03-21T23:39:56.317+08:00  INFO 16536 --- [trading-platform-test] [           main] .s.d.r.c.RepositoryConfigurationDelegate : Finished Spring Data repository scanning in 41 ms. Found 0 Redis repository interfaces.
2026-03-21T23:39:57.948+08:00  INFO 16536 --- [trading-platform-test] [           main] o.hibernate.jpa.internal.util.LogHelper  : HHH000204: Processing PersistenceUnitInfo [name: default]
2026-03-21T23:39:58.076+08:00  INFO 16536 --- [trading-platform-test] [           main] org.hibernate.Version                    : HHH000412: Hibernate ORM core version 6.6.5.Final
2026-03-21T23:39:58.190+08:00  INFO 16536 --- [trading-platform-test] [           main] o.h.c.internal.RegionFactoryInitiator    : HHH000026: Second-level cache disabled
2026-03-21T23:39:58.632+08:00  INFO 16536 --- [trading-platform-test] [           main] o.s.o.j.p.SpringPersistenceUnitInfo      : No LoadTimeWeaver setup: ignoring JPA class transformer
2026-03-21T23:39:58.678+08:00  INFO 16536 --- [trading-platform-test] [           main] com.zaxxer.hikari.HikariDataSource       : HikariPool-1 - Starting...
2026-03-21T23:39:58.948+08:00  INFO 16536 --- [trading-platform-test] [           main] com.zaxxer.hikari.pool.HikariPool        : HikariPool-1 - Added connection conn0: url=jdbc:h2:mem:testdb user=SA
2026-03-21T23:39:58.951+08:00  INFO 16536 --- [trading-platform-test] [           main] com.zaxxer.hikari.HikariDataSource       : HikariPool-1 - Start completed.
2026-03-21T23:39:58.983+08:00  WARN 16536 --- [trading-platform-test] [           main] org.hibernate.orm.deprecation            : HHH90000025: H2Dialect does not need to be specified explicitly using 'hibernate.dialect' (remove the property setting and it will be selected by default)
2026-03-21T23:39:59.014+08:00  INFO 16536 --- [trading-platform-test] [           main] org.hibernate.orm.connections.pooling    : HHH10001005: Database info:
	Database JDBC URL [Connecting through datasource 'HikariDataSource (HikariPool-1)']
	Database driver: undefined/unknown
	Database version: 2.3.232
	Autocommit mode: undefined/unknown
	Isolation level: undefined/unknown
	Minimum pool size: undefined/unknown
	Maximum pool size: undefined/unknown
2026-03-21T23:40:00.728+08:00  INFO 16536 --- [trading-platform-test] [           main] o.h.e.t.j.p.i.JtaPlatformInitiator       : HHH000489: No JTA platform available (set 'hibernate.transaction.jta.platform' to enable JTA platform integration)
2026-03-21T23:40:00.803+08:00  INFO 16536 --- [trading-platform-test] [           main] j.LocalContainerEntityManagerFactoryBean : Initialized JPA EntityManagerFactory for persistence unit 'default'
2026-03-21T23:40:01.508+08:00  INFO 16536 --- [trading-platform-test] [           main] eAuthenticationProviderManagerConfigurer : Global AuthenticationManager configured with AuthenticationProvider bean with name authenticationProvider
2026-03-21T23:40:01.510+08:00  WARN 16536 --- [trading-platform-test] [           main] r$InitializeUserDetailsManagerConfigurer : Global AuthenticationManager configured with an AuthenticationProvider bean. UserDetailsService beans will not be used by Spring Security for automatically configuring username/password login. Consider removing the AuthenticationProvider bean. Alternatively, consider using the UserDetailsService in a manually instantiated DaoAuthenticationProvider. If the current configuration is intentional, to turn off this warning, increase the logging level of 'org.springframework.security.config.annotation.authentication.configuration.InitializeUserDetailsBeanManagerConfigurer' to ERROR
2026-03-21T23:40:01.561+08:00  INFO 16536 --- [trading-platform-test] [           main] c.t.avatar.AvatarStorageService          : Avatar upload directory initialized: D:\Java\Projects\realTimeTrading\backend\.\uploads\avatars
2026-03-21T23:40:01.669+08:00  INFO 16536 --- [trading-platform-test] [           main] o.s.d.j.r.query.QueryEnhancerFactory     : Hibernate is in classpath; If applicable, HQL parser will be used.
2026-03-21T23:40:03.132+08:00  INFO 16536 --- [trading-platform-test] [           main] c.t.l.service.ListingStorageService      : Listing upload directory initialized: D:\Java\Projects\realTimeTrading\backend\.\uploads\listings
2026-03-21T23:40:06.633+08:00 DEBUG 16536 --- [trading-platform-test] [           main] c.t.security.JwtAuthenticationFilter     : Filter 'jwtAuthenticationFilter' configured for use
2026-03-21T23:40:06.633+08:00  INFO 16536 --- [trading-platform-test] [           main] o.s.b.t.m.w.SpringBootMockServletContext : Initializing Spring TestDispatcherServlet ''
2026-03-21T23:40:06.633+08:00  INFO 16536 --- [trading-platform-test] [           main] o.s.t.web.servlet.TestDispatcherServlet  : Initializing Servlet ''
2026-03-21T23:40:06.633+08:00  INFO 16536 --- [trading-platform-test] [           main] o.s.t.web.servlet.TestDispatcherServlet  : Completed initialization in 0 ms
2026-03-21T23:40:06.698+08:00  INFO 16536 --- [trading-platform-test] [           main] c.t.controller.AuthControllerTest        : Started AuthControllerTest in 13.303 seconds (process running for 15.241)
2026-03-21T23:40:08.811+08:00  WARN 16536 --- [trading-platform-test] [           main] c.t.exception.GlobalExceptionHandler     : API exception: REGISTRATION_FAILED - Email already registered
]]></system-out>
    <system-err><![CDATA[Mockito is currently self-attaching to enable the inline-mock-maker. This will no longer work in future releases of the JDK. Please add Mockito as an agent to your build what is described in Mockito's documentation: https://javadoc.io/doc/org.mockito/mockito-core/latest/org/mockito/Mockito.html#0.3
WARNING: A Java agent has been loaded dynamically (D:\Jeecg_Boot\Maven\respository\net\bytebuddy\byte-buddy-agent\1.15.11\byte-buddy-agent-1.15.11.jar)
WARNING: If a serviceability tool is in use, please run with -XX:+EnableDynamicAgentLoading to hide this warning
WARNING: If a serviceability tool is not in use, please run with -Djdk.instrument.traceUsage for more information
WARNING: Dynamic loading of agents will be disallowed by default in a future release
]]></system-err>
  </testcase>
  <testcase name="login_nonExistentUser_returnsUnauthorized" classname="com.tradingplatform.controller.AuthControllerTest" time="0.238">
    <system-out><![CDATA[2026-03-21T23:40:09.151+08:00  WARN 16536 --- [trading-platform-test] [           main] c.tradingplatform.auth.AuthController    : Authentication failed for email: nonexistent@example.com
2026-03-21T23:40:09.151+08:00  WARN 16536 --- [trading-platform-test] [           main] c.t.exception.GlobalExceptionHandler     : API exception: INVALID_CREDENTIALS - Invalid email or password
]]></system-out>
  </testcase>
  <testcase name="register_shortPassword_returnsBadRequest" classname="com.tradingplatform.controller.AuthControllerTest" time="0.027">
    <system-out><![CDATA[2026-03-21T23:40:09.172+08:00  WARN 16536 --- [trading-platform-test] [           main] c.t.exception.GlobalExceptionHandler     : Validation failed: {password=Password must be at least 8 characters}
]]></system-out>
  </testcase>
  <testcase name="refresh_invalidToken_returnsUnauthorized" classname="com.tradingplatform.controller.AuthControllerTest" time="0.058">
    <system-out><![CDATA[2026-03-21T23:40:09.234+08:00 DEBUG 16536 --- [trading-platform-test] [           main] c.t.security.JwtTokenProvider            : Invalid JWT token: Malformed protected header JSON: Unable to deserialize: Unexpected character ('�' (code 65533 / 0xfffd)): expected a valid value (JSON String, Number, Array, Object or token 'null', 'true' or 'false')
 at [Source: REDACTED (`StreamReadFeature.INCLUDE_SOURCE_IN_LOCATION` disabled); line: 1, column: 1]
2026-03-21T23:40:09.234+08:00  WARN 16536 --- [trading-platform-test] [           main] c.t.exception.GlobalExceptionHandler     : API exception: TOKEN_INVALID - Invalid or expired refresh token
]]></system-out>
  </testcase>
  <testcase name="login_validCredentials_returnsTokens" classname="com.tradingplatform.controller.AuthControllerTest" time="0.253"/>
  <testcase name="refresh_validToken_returnsNewAccessToken" classname="com.tradingplatform.controller.AuthControllerTest" time="0.132"/>
  <testcase name="login_invalidPassword_returnsUnauthorized" classname="com.tradingplatform.controller.AuthControllerTest" time="0.215">
    <system-out><![CDATA[2026-03-21T23:40:09.838+08:00  WARN 16536 --- [trading-platform-test] [           main] c.tradingplatform.auth.AuthController    : Authentication failed for email: wrongpass@example.com
2026-03-21T23:40:09.838+08:00  WARN 16536 --- [trading-platform-test] [           main] c.t.exception.GlobalExceptionHandler     : API exception: INVALID_CREDENTIALS - Invalid email or password
]]></system-out>
  </testcase>
  <testcase name="logout_invalidatesRefreshToken" classname="com.tradingplatform.controller.AuthControllerTest" time="0.128">
    <system-out><![CDATA[2026-03-21T23:40:09.966+08:00  INFO 16536 --- [trading-platform-test] [           main] c.tradingplatform.auth.AuthController    : User 5 logged out
2026-03-21T23:40:09.968+08:00  WARN 16536 --- [trading-platform-test] [           main] c.t.exception.GlobalExceptionHandler     : API exception: TOKEN_INVALID - Refresh token has been revoked
]]></system-out>
  </testcase>
  <testcase name="register_validData_returnsTokens" classname="com.tradingplatform.controller.AuthControllerTest" time="0.143"/>
</testsuite>