<?xml version="1.0" encoding="UTF-8"?>
<testsuite xmlns:xsi="http://www.w3.org/2001/XMLSchema-instance" xsi:noNamespaceSchemaLocation="https://maven.apache.org/surefire/maven-surefire-plugin/xsd/surefire-test-report.xsd" version="3.0.2" name="com.tradingplatform.controller.AvatarControllerTest" time="1.07" tests="8" errors="0" skipped="0" failures="0">
  <properties>
[...]
</properties>
  <testcase name="deleteAvatar_noAvatar_returns204" classname="com.tradingplatform.controller.AvatarControllerTest" time="0.153">
    <system-out><![CDATA[2026-03-21T18:39:27.839+08:00  INFO 19628 --- [trading-platform-test] [           main] t.c.s.AnnotationConfigContextLoaderUtils : Could not detect default configuration classes for test class [com.tradingplatform.controller.AvatarControllerTest]: AvatarControllerTest does not declare any static, non-private, non-final, nested classes annotated with @Configuration.
2026-03-21T18:39:27.844+08:00  INFO 19628 --- [trading-platform-test] [           main] .b.t.c.SpringBootTestContextBootstrapper : Found @SpringBootConfiguration com.tradingplatform.TradingPlatformApplication for test class com.tradingplatform.controller.AvatarControllerTest
]]></system-out>
  </testcase>
  <testcase name="uploadAvatar_validJpeg_returns200" classname="com.tradingplatform.controller.AvatarControllerTest" time="0.206">
    <system-out><![CDATA[2026-03-21T18:39:28.209+08:00 DEBUG 19628 --- [trading-platform-test] [           main] c.t.avatar.AvatarStorageService          : Stored image: .\uploads\avatars\user_8.jpg
2026-03-21T18:39:28.209+08:00  INFO 19628 --- [trading-platform-test] [           main] c.tradingplatform.avatar.AvatarService   : Stored avatar for user 8: user_8.jpg
2026-03-21T18:39:28.209+08:00  INFO 19628 --- [trading-platform-test] [           main] c.t.avatar.AvatarController              : Avatar uploaded for user 8: /uploads/avatars/user_8.jpg
]]></system-out>
  </testcase>
  <testcase name="uploadAvatar_storesPathInUserRecord" classname="com.tradingplatform.controller.AvatarControllerTest" time="0.12">
    <system-out><![CDATA[2026-03-21T18:39:28.334+08:00 DEBUG 19628 --- [trading-platform-test] [           main] c.t.avatar.AvatarStorageService          : Stored image: .\uploads\avatars\user_9.jpg
2026-03-21T18:39:28.334+08:00  INFO 19628 --- [trading-platform-test] [           main] c.tradingplatform.avatar.AvatarService   : Stored avatar for user 9: user_9.jpg
2026-03-21T18:39:28.334+08:00  INFO 19628 --- [trading-platform-test] [           main] c.t.avatar.AvatarController              : Avatar uploaded for user 9: /uploads/avatars/user_9.jpg
]]></system-out>
  </testcase>
  <testcase name="uploadAvatar_invalidFile_returns400" classname="com.tradingplatform.controller.AvatarControllerTest" time="0.104">
    <system-out><![CDATA[2026-03-21T18:39:28.440+08:00  WARN 19628 --- [trading-platform-test] [           main] c.t.exception.GlobalExceptionHandler     : API exception: INVALID_AVATAR - Only JPEG, PNG, and WebP images are allowed
]]></system-out>
  </testcase>
  <testcase name="deleteAvatar_existingAvatar_returns204" classname="com.tradingplatform.controller.AvatarControllerTest" time="0.119">
    <system-out><![CDATA[2026-03-21T18:39:28.553+08:00 DEBUG 19628 --- [trading-platform-test] [           main] c.t.avatar.AvatarStorageService          : Stored image: .\uploads\avatars\user_11.jpg
2026-03-21T18:39:28.553+08:00  INFO 19628 --- [trading-platform-test] [           main] c.tradingplatform.avatar.AvatarService   : Stored avatar for user 11: user_11.jpg
2026-03-21T18:39:28.553+08:00  INFO 19628 --- [trading-platform-test] [           main] c.t.avatar.AvatarController              : Avatar uploaded for user 11: /uploads/avatars/user_11.jpg
2026-03-21T18:39:28.559+08:00 DEBUG 19628 --- [trading-platform-test] [           main] c.t.avatar.AvatarStorageService          : Deleted file: .\uploads\avatars\user_11.jpg
2026-03-21T18:39:28.559+08:00  INFO 19628 --- [trading-platform-test] [           main] c.tradingplatform.avatar.AvatarService   : Deleted avatar: user_11.jpg
2026-03-21T18:39:28.559+08:00  INFO 19628 --- [trading-platform-test] [           main] c.t.avatar.AvatarController              : Avatar deleted for user 11
]]></system-out>
  </testcase>
  <testcase name="uploadAvatar_validPng_returns200" classname="com.tradingplatform.controller.AvatarControllerTest" time="0.116">
    <system-out><![CDATA[2026-03-21T18:39:28.680+08:00 DEBUG 19628 --- [trading-platform-test] [           main] c.t.avatar.AvatarStorageService          : Stored image: .\uploads\avatars\user_12.png
2026-03-21T18:39:28.680+08:00  INFO 19628 --- [trading-platform-test] [           main] c.tradingplatform.avatar.AvatarService   : Stored avatar for user 12: user_12.png
2026-03-21T18:39:28.680+08:00  INFO 19628 --- [trading-platform-test] [           main] c.t.avatar.AvatarController              : Avatar uploaded for user 12: /uploads/avatars/user_12.png
]]></system-out>
  </testcase>
  <testcase name="uploadAvatar_fileTooLarge_returns400" classname="com.tradingplatform.controller.AvatarControllerTest" time="0.106">
    <system-out><![CDATA[2026-03-21T18:39:28.792+08:00  WARN 19628 --- [trading-platform-test] [           main] c.t.exception.GlobalExceptionHandler     : API exception: INVALID_AVATAR - File exceeds maximum size of 5 MB
]]></system-out>
  </testcase>
  <testcase name="uploadAvatar_unauthenticated_returns401" classname="com.tradingplatform.controller.AvatarControllerTest" time="0.102"/>
</testsuite>